<?xml version="1.0" encoding="UTF-8"?>
<testsuite name="clases.TipoPincelTest" tests="1" skipped="0" failures="0" errors="0" timestamp="2024-04-26T07:37:44" hostname="DESKTOP-8JH0SO8" time="0.213">
  <properties/>
  <testcase name="test1" classname="clases.TipoPincelTest" time="0.213"/>
  <system-out><![CDATA[]]></system-out>
  <system-err><![CDATA[]]></system-err>
</testsuite>
